<?xml version="1.0" encoding="UTF-8"?>
<testsuite xmlns:xsi="http://www.w3.org/2001/XMLSchema-instance" xsi:noNamespaceSchemaLocation="https://maven.apache.org/surefire/maven-surefire-plugin/xsd/surefire-test-report-3.0.xsd" version="3.0" name="edu.bu.met.cs665.CustomerDataAdapterTest" time="0.022" tests="5" errors="0" skipped="0" failures="0">
  <properties>
[...]
</properties>
  <testcase name="testAdapterRetrievesLegacyData" classname="edu.bu.met.cs665.CustomerDataAdapterTest" time="0.011"/>
  <testcase name="testAdapterUpdatesLegacyData" classname="edu.bu.met.cs665.CustomerDataAdapterTest" time="0.0"/>
  <testcase name="testNewSystemUpdatesDataDirectly" classname="edu.bu.met.cs665.CustomerDataAdapterTest" time="0.001"/>
  <testcase name="testNewSystemRetrievesDataDirectly" classname="edu.bu.met.cs665.CustomerDataAdapterTest" time="0.0"/>
  <testcase name="testAdapterCompatibility" classname="edu.bu.met.cs665.CustomerDataAdapterTest" time="0.001"/>
</testsuite>